{"/home/laboratoria/Desktop/comparaonline/interview-coding-test-master/spec/coTestSpec.js":{"path":"/home/laboratoria/Desktop/comparaonline/interview-coding-test-master/spec/coTestSpec.js","s":{"1":1,"2":1,"3":1,"4":1,"5":1,"6":1,"7":1,"8":1,"9":1,"10":1,"11":1,"12":1,"13":1,"14":1,"15":1,"16":1,"17":1,"18":1,"19":1,"20":1,"21":1,"22":1,"23":1,"24":1,"25":1,"26":1,"27":1,"28":1,"29":1,"30":1,"31":1,"32":1,"33":1,"34":1,"35":1,"36":1,"37":1,"38":1,"39":1,"40":1,"41":1,"42":1,"43":1,"44":1,"45":1,"46":1,"47":1,"48":1,"49":1,"50":1,"51":1,"52":1,"53":1,"54":1,"55":1,"56":1,"57":1,"58":1,"59":1,"60":1,"61":1,"62":1,"63":1,"64":1,"65":1,"66":1,"67":1,"68":1,"69":1,"70":1,"71":1,"72":1,"73":1,"74":1,"75":1,"76":1,"77":1,"78":1,"79":1,"80":1,"81":1,"82":1,"83":1,"84":1,"85":1,"86":1,"87":1,"88":1,"89":1,"90":1,"91":1,"92":1,"93":1,"94":1,"95":1},"b":{},"f":{"1":1,"2":1,"3":1,"4":1,"5":1,"6":1,"7":1,"8":1,"9":1,"10":1,"11":1,"12":1,"13":1,"14":1,"15":1,"16":1},"fnMap":{"1":{"name":"(anonymous_1)","line":7,"loc":{"start":{"line":7,"column":20},"end":{"line":7,"column":32}}},"2":{"name":"(anonymous_2)","line":9,"loc":{"start":{"line":9,"column":31},"end":{"line":9,"column":43}}},"3":{"name":"(anonymous_3)","line":18,"loc":{"start":{"line":18,"column":47},"end":{"line":18,"column":59}}},"4":{"name":"(anonymous_4)","line":27,"loc":{"start":{"line":27,"column":29},"end":{"line":27,"column":41}}},"5":{"name":"(anonymous_5)","line":36,"loc":{"start":{"line":36,"column":39},"end":{"line":36,"column":51}}},"6":{"name":"(anonymous_6)","line":45,"loc":{"start":{"line":45,"column":42},"end":{"line":45,"column":54}}},"7":{"name":"(anonymous_7)","line":54,"loc":{"start":{"line":54,"column":54},"end":{"line":54,"column":66}}},"8":{"name":"(anonymous_8)","line":63,"loc":{"start":{"line":63,"column":57},"end":{"line":63,"column":69}}},"9":{"name":"(anonymous_9)","line":72,"loc":{"start":{"line":72,"column":56},"end":{"line":72,"column":68}}},"10":{"name":"(anonymous_10)","line":81,"loc":{"start":{"line":81,"column":76},"end":{"line":81,"column":88}}},"11":{"name":"(anonymous_11)","line":89,"loc":{"start":{"line":89,"column":76},"end":{"line":89,"column":88}}},"12":{"name":"(anonymous_12)","line":98,"loc":{"start":{"line":98,"column":61},"end":{"line":98,"column":73}}},"13":{"name":"(anonymous_13)","line":107,"loc":{"start":{"line":107,"column":27},"end":{"line":107,"column":39}}},"14":{"name":"(anonymous_14)","line":116,"loc":{"start":{"line":116,"column":58},"end":{"line":116,"column":70}}},"15":{"name":"(anonymous_15)","line":125,"loc":{"start":{"line":125,"column":63},"end":{"line":125,"column":75}}},"16":{"name":"(anonymous_16)","line":134,"loc":{"start":{"line":134,"column":56},"end":{"line":134,"column":68}}}},"statementMap":{"1":{"start":{"line":1,"column":0},"end":{"line":1,"column":38}},"2":{"start":{"line":3,"column":0},"end":{"line":3,"column":40}},"3":{"start":{"line":4,"column":0},"end":{"line":4,"column":41}},"4":{"start":{"line":5,"column":0},"end":{"line":5,"column":31}},"5":{"start":{"line":7,"column":0},"end":{"line":143,"column":3}},"6":{"start":{"line":9,"column":2},"end":{"line":16,"column":5}},"7":{"start":{"line":10,"column":4},"end":{"line":10,"column":76}},"8":{"start":{"line":11,"column":4},"end":{"line":11,"column":42}},"9":{"start":{"line":13,"column":4},"end":{"line":13,"column":54}},"10":{"start":{"line":14,"column":4},"end":{"line":14,"column":40}},"11":{"start":{"line":15,"column":4},"end":{"line":15,"column":39}},"12":{"start":{"line":18,"column":2},"end":{"line":25,"column":5}},"13":{"start":{"line":19,"column":4},"end":{"line":19,"column":75}},"14":{"start":{"line":20,"column":4},"end":{"line":20,"column":42}},"15":{"start":{"line":22,"column":4},"end":{"line":22,"column":51}},"16":{"start":{"line":23,"column":4},"end":{"line":23,"column":41}},"17":{"start":{"line":24,"column":4},"end":{"line":24,"column":40}},"18":{"start":{"line":27,"column":2},"end":{"line":34,"column":5}},"19":{"start":{"line":28,"column":4},"end":{"line":28,"column":75}},"20":{"start":{"line":29,"column":4},"end":{"line":29,"column":42}},"21":{"start":{"line":31,"column":4},"end":{"line":31,"column":52}},"22":{"start":{"line":32,"column":4},"end":{"line":32,"column":40}},"23":{"start":{"line":33,"column":4},"end":{"line":33,"column":40}},"24":{"start":{"line":36,"column":2},"end":{"line":43,"column":5}},"25":{"start":{"line":37,"column":4},"end":{"line":37,"column":76}},"26":{"start":{"line":38,"column":4},"end":{"line":38,"column":42}},"27":{"start":{"line":40,"column":4},"end":{"line":40,"column":52}},"28":{"start":{"line":41,"column":4},"end":{"line":41,"column":41}},"29":{"start":{"line":42,"column":4},"end":{"line":42,"column":40}},"30":{"start":{"line":45,"column":2},"end":{"line":52,"column":5}},"31":{"start":{"line":46,"column":4},"end":{"line":46,"column":75}},"32":{"start":{"line":47,"column":4},"end":{"line":47,"column":42}},"33":{"start":{"line":49,"column":4},"end":{"line":49,"column":52}},"34":{"start":{"line":50,"column":4},"end":{"line":50,"column":40}},"35":{"start":{"line":51,"column":4},"end":{"line":51,"column":40}},"36":{"start":{"line":54,"column":2},"end":{"line":61,"column":5}},"37":{"start":{"line":55,"column":4},"end":{"line":55,"column":84}},"38":{"start":{"line":56,"column":4},"end":{"line":56,"column":42}},"39":{"start":{"line":58,"column":4},"end":{"line":58,"column":60}},"40":{"start":{"line":59,"column":4},"end":{"line":59,"column":41}},"41":{"start":{"line":60,"column":4},"end":{"line":60,"column":40}},"42":{"start":{"line":63,"column":2},"end":{"line":70,"column":5}},"43":{"start":{"line":64,"column":4},"end":{"line":64,"column":84}},"44":{"start":{"line":65,"column":4},"end":{"line":65,"column":42}},"45":{"start":{"line":67,"column":4},"end":{"line":67,"column":60}},"46":{"start":{"line":68,"column":4},"end":{"line":68,"column":40}},"47":{"start":{"line":69,"column":4},"end":{"line":69,"column":40}},"48":{"start":{"line":72,"column":2},"end":{"line":79,"column":5}},"49":{"start":{"line":73,"column":4},"end":{"line":73,"column":83}},"50":{"start":{"line":74,"column":4},"end":{"line":74,"column":42}},"51":{"start":{"line":76,"column":4},"end":{"line":76,"column":60}},"52":{"start":{"line":77,"column":4},"end":{"line":77,"column":40}},"53":{"start":{"line":78,"column":4},"end":{"line":78,"column":40}},"54":{"start":{"line":81,"column":2},"end":{"line":88,"column":5}},"55":{"start":{"line":82,"column":4},"end":{"line":82,"column":84}},"56":{"start":{"line":83,"column":4},"end":{"line":83,"column":42}},"57":{"start":{"line":85,"column":4},"end":{"line":85,"column":60}},"58":{"start":{"line":86,"column":4},"end":{"line":86,"column":40}},"59":{"start":{"line":87,"column":4},"end":{"line":87,"column":40}},"60":{"start":{"line":89,"column":2},"end":{"line":96,"column":5}},"61":{"start":{"line":90,"column":4},"end":{"line":90,"column":83}},"62":{"start":{"line":91,"column":4},"end":{"line":91,"column":42}},"63":{"start":{"line":93,"column":4},"end":{"line":93,"column":60}},"64":{"start":{"line":94,"column":4},"end":{"line":94,"column":40}},"65":{"start":{"line":95,"column":4},"end":{"line":95,"column":40}},"66":{"start":{"line":98,"column":2},"end":{"line":105,"column":5}},"67":{"start":{"line":99,"column":4},"end":{"line":99,"column":83}},"68":{"start":{"line":100,"column":4},"end":{"line":100,"column":42}},"69":{"start":{"line":102,"column":4},"end":{"line":102,"column":60}},"70":{"start":{"line":103,"column":4},"end":{"line":103,"column":41}},"71":{"start":{"line":104,"column":4},"end":{"line":104,"column":39}},"72":{"start":{"line":107,"column":2},"end":{"line":114,"column":5}},"73":{"start":{"line":108,"column":4},"end":{"line":108,"column":73}},"74":{"start":{"line":109,"column":4},"end":{"line":109,"column":42}},"75":{"start":{"line":111,"column":4},"end":{"line":111,"column":49}},"76":{"start":{"line":112,"column":4},"end":{"line":112,"column":40}},"77":{"start":{"line":113,"column":4},"end":{"line":113,"column":39}},"78":{"start":{"line":116,"column":2},"end":{"line":123,"column":5}},"79":{"start":{"line":117,"column":4},"end":{"line":117,"column":77}},"80":{"start":{"line":118,"column":4},"end":{"line":118,"column":42}},"81":{"start":{"line":120,"column":4},"end":{"line":120,"column":54}},"82":{"start":{"line":121,"column":4},"end":{"line":121,"column":41}},"83":{"start":{"line":122,"column":4},"end":{"line":122,"column":39}},"84":{"start":{"line":125,"column":2},"end":{"line":132,"column":5}},"85":{"start":{"line":126,"column":4},"end":{"line":126,"column":76}},"86":{"start":{"line":127,"column":4},"end":{"line":127,"column":42}},"87":{"start":{"line":129,"column":4},"end":{"line":129,"column":52}},"88":{"start":{"line":130,"column":4},"end":{"line":130,"column":41}},"89":{"start":{"line":131,"column":4},"end":{"line":131,"column":40}},"90":{"start":{"line":134,"column":2},"end":{"line":141,"column":5}},"91":{"start":{"line":135,"column":4},"end":{"line":135,"column":75}},"92":{"start":{"line":136,"column":4},"end":{"line":136,"column":42}},"93":{"start":{"line":138,"column":4},"end":{"line":138,"column":52}},"94":{"start":{"line":139,"column":4},"end":{"line":139,"column":41}},"95":{"start":{"line":140,"column":4},"end":{"line":140,"column":40}}},"branchMap":{}},"/home/laboratoria/Desktop/comparaonline/interview-coding-test-master/src/coTest.js":{"path":"/home/laboratoria/Desktop/comparaonline/interview-coding-test-master/src/coTest.js","s":{"1":15,"2":15,"3":15,"4":15,"5":15,"6":15,"7":6,"8":4,"9":1,"10":4,"11":1,"12":9,"13":7,"14":7,"15":6,"16":5,"17":3,"18":6,"19":3,"20":2,"21":15,"22":13,"23":15,"24":6,"25":4,"26":3,"27":2,"28":1,"29":1,"30":2,"31":1,"32":15,"33":1},"b":{"1":[6,9],"2":[15,12],"3":[4,2],"4":[1,3],"5":[4,2],"6":[1,3],"7":[7,2],"8":[6,1],"9":[5,1],"10":[3,2],"11":[3,3],"12":[2,1],"13":[13,2],"14":[6,9],"15":[4,2],"16":[3,1],"17":[2,1],"18":[1,1],"19":[2,1],"20":[1,1]},"f":{"1":15,"2":15,"3":15},"fnMap":{"1":{"name":"(anonymous_1)","line":2,"loc":{"start":{"line":2,"column":13},"end":{"line":2,"column":35}}},"2":{"name":"(anonymous_2)","line":10,"loc":{"start":{"line":10,"column":13},"end":{"line":10,"column":29}}},"3":{"name":"(anonymous_3)","line":13,"loc":{"start":{"line":13,"column":13},"end":{"line":13,"column":16}}}},"statementMap":{"1":{"start":{"line":3,"column":4},"end":{"line":3,"column":21}},"2":{"start":{"line":4,"column":4},"end":{"line":4,"column":25}},"3":{"start":{"line":5,"column":4},"end":{"line":5,"column":23}},"4":{"start":{"line":11,"column":4},"end":{"line":11,"column":29}},"5":{"start":{"line":14,"column":4},"end":{"line":61,"column":5}},"6":{"start":{"line":15,"column":6},"end":{"line":40,"column":7}},"7":{"start":{"line":16,"column":8},"end":{"line":23,"column":9}},"8":{"start":{"line":17,"column":10},"end":{"line":19,"column":11}},"9":{"start":{"line":18,"column":12},"end":{"line":18,"column":64}},"10":{"start":{"line":20,"column":10},"end":{"line":22,"column":11}},"11":{"start":{"line":21,"column":12},"end":{"line":21,"column":63}},"12":{"start":{"line":25,"column":8},"end":{"line":39,"column":9}},"13":{"start":{"line":26,"column":10},"end":{"line":26,"column":62}},"14":{"start":{"line":27,"column":10},"end":{"line":38,"column":11}},"15":{"start":{"line":28,"column":12},"end":{"line":32,"column":13}},"16":{"start":{"line":29,"column":14},"end":{"line":31,"column":15}},"17":{"start":{"line":30,"column":16},"end":{"line":30,"column":68}},"18":{"start":{"line":33,"column":12},"end":{"line":37,"column":13}},"19":{"start":{"line":34,"column":14},"end":{"line":36,"column":15}},"20":{"start":{"line":35,"column":16},"end":{"line":35,"column":68}},"21":{"start":{"line":41,"column":6},"end":{"line":43,"column":7}},"22":{"start":{"line":42,"column":8},"end":{"line":42,"column":62}},"23":{"start":{"line":44,"column":6},"end":{"line":60,"column":7}},"24":{"start":{"line":45,"column":8},"end":{"line":59,"column":9}},"25":{"start":{"line":46,"column":10},"end":{"line":54,"column":11}},"26":{"start":{"line":47,"column":12},"end":{"line":51,"column":13}},"27":{"start":{"line":48,"column":14},"end":{"line":50,"column":15}},"28":{"start":{"line":49,"column":16},"end":{"line":49,"column":68}},"29":{"start":{"line":53,"column":12},"end":{"line":53,"column":85}},"30":{"start":{"line":56,"column":10},"end":{"line":58,"column":11}},"31":{"start":{"line":57,"column":12},"end":{"line":57,"column":60}},"32":{"start":{"line":63,"column":4},"end":{"line":63,"column":25}},"33":{"start":{"line":67,"column":0},"end":{"line":70,"column":1}}},"branchMap":{"1":{"line":15,"type":"if","locations":[{"start":{"line":15,"column":6},"end":{"line":15,"column":6}},{"start":{"line":15,"column":6},"end":{"line":15,"column":6}}]},"2":{"line":15,"type":"binary-expr","locations":[{"start":{"line":15,"column":10},"end":{"line":15,"column":51}},{"start":{"line":15,"column":55},"end":{"line":15,"column":104}}]},"3":{"line":16,"type":"if","locations":[{"start":{"line":16,"column":8},"end":{"line":16,"column":8}},{"start":{"line":16,"column":8},"end":{"line":16,"column":8}}]},"4":{"line":17,"type":"if","locations":[{"start":{"line":17,"column":10},"end":{"line":17,"column":10}},{"start":{"line":17,"column":10},"end":{"line":17,"column":10}}]},"5":{"line":17,"type":"binary-expr","locations":[{"start":{"line":17,"column":14},"end":{"line":17,"column":55}},{"start":{"line":17,"column":59},"end":{"line":17,"column":97}}]},"6":{"line":20,"type":"if","locations":[{"start":{"line":20,"column":10},"end":{"line":20,"column":10}},{"start":{"line":20,"column":10},"end":{"line":20,"column":10}}]},"7":{"line":25,"type":"if","locations":[{"start":{"line":25,"column":8},"end":{"line":25,"column":8}},{"start":{"line":25,"column":8},"end":{"line":25,"column":8}}]},"8":{"line":27,"type":"if","locations":[{"start":{"line":27,"column":10},"end":{"line":27,"column":10}},{"start":{"line":27,"column":10},"end":{"line":27,"column":10}}]},"9":{"line":28,"type":"if","locations":[{"start":{"line":28,"column":12},"end":{"line":28,"column":12}},{"start":{"line":28,"column":12},"end":{"line":28,"column":12}}]},"10":{"line":29,"type":"if","locations":[{"start":{"line":29,"column":14},"end":{"line":29,"column":14}},{"start":{"line":29,"column":14},"end":{"line":29,"column":14}}]},"11":{"line":33,"type":"if","locations":[{"start":{"line":33,"column":12},"end":{"line":33,"column":12}},{"start":{"line":33,"column":12},"end":{"line":33,"column":12}}]},"12":{"line":34,"type":"if","locations":[{"start":{"line":34,"column":14},"end":{"line":34,"column":14}},{"start":{"line":34,"column":14},"end":{"line":34,"column":14}}]},"13":{"line":41,"type":"if","locations":[{"start":{"line":41,"column":6},"end":{"line":41,"column":6}},{"start":{"line":41,"column":6},"end":{"line":41,"column":6}}]},"14":{"line":44,"type":"if","locations":[{"start":{"line":44,"column":6},"end":{"line":44,"column":6}},{"start":{"line":44,"column":6},"end":{"line":44,"column":6}}]},"15":{"line":45,"type":"if","locations":[{"start":{"line":45,"column":8},"end":{"line":45,"column":8}},{"start":{"line":45,"column":8},"end":{"line":45,"column":8}}]},"16":{"line":46,"type":"if","locations":[{"start":{"line":46,"column":10},"end":{"line":46,"column":10}},{"start":{"line":46,"column":10},"end":{"line":46,"column":10}}]},"17":{"line":47,"type":"if","locations":[{"start":{"line":47,"column":12},"end":{"line":47,"column":12}},{"start":{"line":47,"column":12},"end":{"line":47,"column":12}}]},"18":{"line":48,"type":"if","locations":[{"start":{"line":48,"column":14},"end":{"line":48,"column":14}},{"start":{"line":48,"column":14},"end":{"line":48,"column":14}}]},"19":{"line":48,"type":"binary-expr","locations":[{"start":{"line":48,"column":18},"end":{"line":48,"column":59}},{"start":{"line":48,"column":63},"end":{"line":48,"column":101}}]},"20":{"line":56,"type":"if","locations":[{"start":{"line":56,"column":10},"end":{"line":56,"column":10}},{"start":{"line":56,"column":10},"end":{"line":56,"column":10}}]}}}}