TN:
SF:/home/laboratoria/Desktop/comparaonline/interview-coding-test-master/spec/coTestSpec.js
FN:7,(anonymous_1)
FN:9,(anonymous_2)
FN:18,(anonymous_3)
FN:27,(anonymous_4)
FN:36,(anonymous_5)
FN:45,(anonymous_6)
FN:54,(anonymous_7)
FN:63,(anonymous_8)
FN:72,(anonymous_9)
FN:81,(anonymous_10)
FN:89,(anonymous_11)
FN:98,(anonymous_12)
FN:107,(anonymous_13)
FN:116,(anonymous_14)
FN:125,(anonymous_15)
FN:134,(anonymous_16)
FNF:16
FNH:16
FNDA:1,(anonymous_1)
FNDA:1,(anonymous_2)
FNDA:1,(anonymous_3)
FNDA:1,(anonymous_4)
FNDA:1,(anonymous_5)
FNDA:1,(anonymous_6)
FNDA:1,(anonymous_7)
FNDA:1,(anonymous_8)
FNDA:1,(anonymous_9)
FNDA:1,(anonymous_10)
FNDA:1,(anonymous_11)
FNDA:1,(anonymous_12)
FNDA:1,(anonymous_13)
FNDA:1,(anonymous_14)
FNDA:1,(anonymous_15)
FNDA:1,(anonymous_16)
DA:1,1
DA:3,1
DA:4,1
DA:5,1
DA:7,1
DA:9,1
DA:10,1
DA:11,1
DA:13,1
DA:14,1
DA:15,1
DA:18,1
DA:19,1
DA:20,1
DA:22,1
DA:23,1
DA:24,1
DA:27,1
DA:28,1
DA:29,1
DA:31,1
DA:32,1
DA:33,1
DA:36,1
DA:37,1
DA:38,1
DA:40,1
DA:41,1
DA:42,1
DA:45,1
DA:46,1
DA:47,1
DA:49,1
DA:50,1
DA:51,1
DA:54,1
DA:55,1
DA:56,1
DA:58,1
DA:59,1
DA:60,1
DA:63,1
DA:64,1
DA:65,1
DA:67,1
DA:68,1
DA:69,1
DA:72,1
DA:73,1
DA:74,1
DA:76,1
DA:77,1
DA:78,1
DA:81,1
DA:82,1
DA:83,1
DA:85,1
DA:86,1
DA:87,1
DA:89,1
DA:90,1
DA:91,1
DA:93,1
DA:94,1
DA:95,1
DA:98,1
DA:99,1
DA:100,1
DA:102,1
DA:103,1
DA:104,1
DA:107,1
DA:108,1
DA:109,1
DA:111,1
DA:112,1
DA:113,1
DA:116,1
DA:117,1
DA:118,1
DA:120,1
DA:121,1
DA:122,1
DA:125,1
DA:126,1
DA:127,1
DA:129,1
DA:130,1
DA:131,1
DA:134,1
DA:135,1
DA:136,1
DA:138,1
DA:139,1
DA:140,1
LF:95
LH:95
BRF:0
BRH:0
end_of_record
TN:
SF:/home/laboratoria/Desktop/comparaonline/interview-coding-test-master/src/coTest.js
FN:2,(anonymous_1)
FN:10,(anonymous_2)
FN:13,(anonymous_3)
FNF:3
FNH:3
FNDA:15,(anonymous_1)
FNDA:15,(anonymous_2)
FNDA:15,(anonymous_3)
DA:3,15
DA:4,15
DA:5,15
DA:11,15
DA:14,15
DA:15,15
DA:16,6
DA:17,4
DA:18,1
DA:20,4
DA:21,1
DA:25,9
DA:26,7
DA:27,7
DA:28,6
DA:29,5
DA:30,3
DA:33,6
DA:34,3
DA:35,2
DA:41,15
DA:42,13
DA:44,15
DA:45,6
DA:46,4
DA:47,3
DA:48,2
DA:49,1
DA:53,1
DA:56,2
DA:57,1
DA:63,15
DA:67,1
LF:33
LH:33
BRDA:15,1,0,6
BRDA:15,1,1,9
BRDA:15,2,0,15
BRDA:15,2,1,12
BRDA:16,3,0,4
BRDA:16,3,1,2
BRDA:17,4,0,1
BRDA:17,4,1,3
BRDA:17,5,0,4
BRDA:17,5,1,2
BRDA:20,6,0,1
BRDA:20,6,1,3
BRDA:25,7,0,7
BRDA:25,7,1,2
BRDA:27,8,0,6
BRDA:27,8,1,1
BRDA:28,9,0,5
BRDA:28,9,1,1
BRDA:29,10,0,3
BRDA:29,10,1,2
BRDA:33,11,0,3
BRDA:33,11,1,3
BRDA:34,12,0,2
BRDA:34,12,1,1
BRDA:41,13,0,13
BRDA:41,13,1,2
BRDA:44,14,0,6
BRDA:44,14,1,9
BRDA:45,15,0,4
BRDA:45,15,1,2
BRDA:46,16,0,3
BRDA:46,16,1,1
BRDA:47,17,0,2
BRDA:47,17,1,1
BRDA:48,18,0,1
BRDA:48,18,1,1
BRDA:48,19,0,2
BRDA:48,19,1,1
BRDA:56,20,0,1
BRDA:56,20,1,1
BRF:40
BRH:40
end_of_record
